<?xml version="1.0" encoding="UTF-8"?>
<!-- Generated by org.testng.reporters.JUnitReportReporter -->
<testsuite hostname="DeshmukH" failures="0" tests="1" name="TestNg_Suite._4_FourthTest" time="0.002" errors="0" timestamp="2022-03-10T09:44:09 IST" skipped="0">
  <testcase classname="TestNg_Suite._4_FourthTest" name="TriumphStreetTriple" time="0.002"/>
  <system-out/>
</testsuite> <!-- TestNg_Suite._4_FourthTest -->
