<?xml version="1.0" encoding="UTF-8"?>
<!-- Generated by org.testng.reporters.JUnitReportReporter -->
<testsuite hostname="DeshmukH" failures="0" tests="4" name="TestNg_Suite._1_FirstTest" time="0.037" errors="0" timestamp="2022-03-10T09:42:30 IST" skipped="0">
  <testcase classname="TestNg_Suite._1_FirstTest" name="setup" time="0.003"/>
  <system-out/>
  <testcase classname="TestNg_Suite._1_FirstTest" name="setup" time="0.011"/>
  <system-out/>
  <testcase classname="TestNg_Suite._1_FirstTest" name="setup" time="0.016"/>
  <system-out/>
  <testcase classname="TestNg_Suite._1_FirstTest" name="setup" time="0.007"/>
  <system-out/>
</testsuite> <!-- TestNg_Suite._1_FirstTest -->
